<?xml version="1.0" encoding="UTF-8"?>
<!-- Generated by org.testng.reporters.JUnitXMLReporter -->
<testsuite ignored="0" hostname="DESKTOP-1AJ6O28" failures="0" tests="0" name="Test" time="0.068" errors="0" timestamp="2025-05-15T19:18:59 IST">
  <testcase classname="com.framework.tests.NSEStockTest" name="@BeforeClass setUp" time="0.019">
    <failure type="java.lang.IllegalArgumentException" message="Mapping for Symbol not found, expected one of [Symbol
, OPEN 
, HIGH 
, LOW 
, PREV. CLOSE 
, LTP 
, INDICATIVE CLOSE 
, CHNG 
, %CHNG 
, VOLUME 
(shares), VALUE 
 (? Crores), 52 Week High
, 52 Week Low
, 30 D   %CHNG 
, 365 D % CHNG 
 14-May-2024]">
      <![CDATA[java.lang.IllegalArgumentException: Mapping for Symbol not found, expected one of [Symbol
, OPEN 
, HIGH 
, LOW 
, PREV. CLOSE 
, LTP 
, INDICATIVE CLOSE 
, CHNG 
, %CHNG 
, VOLUME 
(shares), VALUE 
 (? Crores), 52 Week High
, 52 Week Low
, 30 D   %CHNG 
, 365 D % CHNG 
 14-May-2024]
at org.apache.commons.csv.CSVRecord.get(CSVRecord.java:121)
at com.framework.tests.NSEStockTest.loadCSVData(NSEStockTest.java:83)
at com.framework.tests.NSEStockTest.setUp(NSEStockTest.java:58)
at java.base/java.util.ArrayList.forEach(ArrayList.java:1541)
... Removed 25 stack frames]]>
    </failure>
  </testcase> <!-- @BeforeClass setUp -->
  <testcase classname="com.framework.tests.NSEStockTest" name="@AfterClass tearDown" time="0.0">
    <skipped/>
  </testcase> <!-- @AfterClass tearDown -->
</testsuite> <!-- Test -->
